Change Component Parameter Library Name in C1 Old=sfe.IntLib New=rs422-rs485.schlib
Change Component Parameter Library Name in C2 Old=sfe.IntLib New=rs422-rs485.schlib
Change Component Parameter Library Name in C3 Old=SparkFun-Capacitors.IntLib New=rs422-rs485.schlib
Change Component Parameter Library Name in C4 Old=SparkFun-Capacitors.IntLib New=rs422-rs485.schlib
Change Component Parameter Library Name in C5 Old=rcl.IntLib New=rs422-rs485.schlib
Change Component Parameter Library Name in C6 Old=SparkFun-Capacitors.IntLib New=rs422-rs485.schlib
Change Component Parameter Library Name in C7 Old=SparkFun-Capacitors.IntLib New=rs422-rs485.schlib
Change Component Parameter Library Name in C8 Old=SparkFun-Capacitors.IntLib New=rs422-rs485.schlib
Change Component Parameter Library Name in C9 Old=sfe.IntLib New=rs422-rs485.schlib
Change Component Parameter Library Name in C10 Old=sfe.IntLib New=rs422-rs485.schlib
Change Component Parameter Library Name in C11 Old=sfe.IntLib New=rs422-rs485.schlib
Change Component Parameter Library Name in C12 Old=sfe.IntLib New=rs422-rs485.schlib
Change Component Parameter Library Name in C13 Old=sfe.IntLib New=rs422-rs485.schlib
Change Component Parameter Library Name in C14 Old=sfe.IntLib New=rs422-rs485.schlib
Change Component Parameter Library Name in C15 Old=sfe.IntLib New=rs422-rs485.schlib
Change Component Parameter Library Name in C16 Old=sfe.IntLib New=rs422-rs485.schlib
Change Component Parameter Library Name in C17 Old=sfe.IntLib New=rs422-rs485.schlib
Change Component Parameter Library Name in C18 Old=sfe.IntLib New=rs422-rs485.schlib
Change Component Parameter Library Name in C19 Old=sfe.IntLib New=rs422-rs485.schlib
Change Component Parameter Library Name in C20 Old=sfe.IntLib New=rs422-rs485.schlib
Change Component Parameter Library Name in D1 Old=FM240A.IntLib New=rs422-rs485.schlib
Change Component Parameter Library Name in D2 Old=CPDQT5V0HE-HF.IntLib New=rs422-rs485.schlib
Change Component Parameter Library Name in D3 Old=FM240A.IntLib New=rs422-rs485.schlib
Change Component Parameter Library Name in D4 Old=SMAJ40CAe3_TR13.IntLib New=rs422-rs485.schlib
Change Component Parameter Library Name in D5 Old=CPDQT5V0HE-HF.IntLib New=rs422-rs485.schlib
Change Component Parameter Library Name in D6 Old=CPDQT5V0HE-HF.IntLib New=rs422-rs485.schlib
Change Component Parameter Library Name in D7 Old=CPDQT5V0HE-HF.IntLib New=rs422-rs485.schlib
Change Component Parameter Library Name in D8 Old=CPDQT5V0HE-HF.IntLib New=rs422-rs485.schlib
Change Component Parameter Library Name in D9 Old=CPDQT5V0HE-HF.IntLib New=rs422-rs485.schlib
Change Component Parameter Library Name in D10 Old=CPDQT5V0HE-HF.IntLib New=rs422-rs485.schlib
Change Component Parameter Library Name in D11 Old=CPDQT5V0HE-HF.IntLib New=rs422-rs485.schlib
Change Component Parameter Library Name in D12 Old=SparkFun-DiscreteSemi.IntLib New=rs422-rs485.schlib
Change Component Parameter Library Name in D13 Old=SparkFun-DiscreteSemi.IntLib New=rs422-rs485.schlib
Change Component Parameter Library Name in FD1 Old=SparkFun-Aesthetics.IntLib New=rs422-rs485.schlib
Change Component Parameter Library Name in FD2 Old=SparkFun-Aesthetics.IntLib New=rs422-rs485.schlib
Change Component Parameter Library Name in FD3 Old=SparkFun-Aesthetics.IntLib New=rs422-rs485.schlib
Change Component Parameter Library Name in FD4 Old=SparkFun-Aesthetics.IntLib New=rs422-rs485.schlib
Change Component Parameter Library Name in FD5 Old=SparkFun-Aesthetics.IntLib New=rs422-rs485.schlib
Change Component Parameter Library Name in FD6 Old=SparkFun-Aesthetics.IntLib New=rs422-rs485.schlib
Change Component Parameter Library Name in FD7 Old=SparkFun-Aesthetics.IntLib New=rs422-rs485.schlib
Change Component Parameter Library Name in FD8 Old=SparkFun-Aesthetics.IntLib New=rs422-rs485.schlib
Change Component Parameter Library Name in IC1 Old=TPS613222ADBVR.IntLib New=rs422-rs485.schlib
Change Component Parameter Library Name in IC2 Old=AP64060WU-7.IntLib New=rs422-rs485.schlib
Change Component Parameter Library Name in IC3 Old=LM321LVIDCKR.IntLib New=rs422-rs485.schlib
Change Component Parameter Library Name in IC4 Old=74LVC1G07GW_125.IntLib New=rs422-rs485.schlib
Change Component Parameter Library Name in IC5 Old=THVD1426DR.IntLib New=rs422-rs485.schlib
Change Component Parameter Library Name in IC6 Old=THVD1426DR.IntLib New=rs422-rs485.schlib
Change Component Parameter Library Name in J1 Old=openmv5.IntLib New=rs422-rs485.schlib
Change Component Parameter Library Name in J2 Old=1771088.IntLib New=rs422-rs485.schlib
Change Component Parameter Library Name in JP1 Old=SparkFun-Jumpers.IntLib New=rs422-rs485.schlib
Change Component Parameter Library Name in JP2 Old=SparkFun-Jumpers.IntLib New=rs422-rs485.schlib
Change Component Parameter Library Name in JP3 Old=SparkFun-Jumpers.IntLib New=rs422-rs485.schlib
Change Component Parameter Library Name in JP4 Old=SparkFun-Jumpers.IntLib New=rs422-rs485.schlib
Change Component Parameter Library Name in JP5 Old=SparkFun-Jumpers.IntLib New=rs422-rs485.schlib
Change Component Parameter Library Name in JP6 Old=SparkFun-Jumpers.IntLib New=rs422-rs485.schlib
Change Component Parameter Library Name in JP7 Old=SparkFun-Jumpers.IntLib New=rs422-rs485.schlib
Change Component Parameter Library Name in JP8 Old=SparkFun-Jumpers.IntLib New=rs422-rs485.schlib
Change Component Parameter Library Name in JP9 Old=SparkFun-Jumpers.IntLib New=rs422-rs485.schlib
Change Component Parameter Library Name in JP10 Old=SparkFun-Jumpers.IntLib New=rs422-rs485.schlib
Change Component Parameter Library Name in L1 Old=NRS4018T100MDGJ.IntLib New=rs422-rs485.schlib
Change Component Parameter Library Name in L2 Old=MAKK2016T2R2M.IntLib New=rs422-rs485.schlib
Change Component Parameter Library Name in Q1 Old=SSM3J356R_LF.IntLib New=rs422-rs485.schlib
Change Component Parameter Library Name in R1 Old=sfe.IntLib New=rs422-rs485.schlib
Change Component Parameter Library Name in R2 Old=sfe.IntLib New=rs422-rs485.schlib
Change Component Parameter Library Name in R3 Old=sfe.IntLib New=rs422-rs485.schlib
Change Component Parameter Library Name in R4 Old=sfe.IntLib New=rs422-rs485.schlib
Change Component Parameter Library Name in R5 Old=rcl.IntLib New=rs422-rs485.schlib
Change Component Parameter Library Name in R6 Old=sfe.IntLib New=rs422-rs485.schlib
Change Component Parameter Library Name in R7 Old=sfe.IntLib New=rs422-rs485.schlib
Change Component Parameter Library Name in R8 Old=sfe.IntLib New=rs422-rs485.schlib
Change Component Parameter Library Name in R9 Old=rcl.IntLib New=rs422-rs485.schlib
Change Component Parameter Library Name in R10 Old=sfe.IntLib New=rs422-rs485.schlib
Change Component Parameter Library Name in R11 Old=rcl.IntLib New=rs422-rs485.schlib
Change Component Parameter Library Name in R12 Old=sfe.IntLib New=rs422-rs485.schlib
Change Component Parameter Library Name in R13 Old=sfe.IntLib New=rs422-rs485.schlib
Change Component Parameter Library Name in R14 Old=sfe.IntLib New=rs422-rs485.schlib
Change Component Parameter Library Name in R15 Old=sfe.IntLib New=rs422-rs485.schlib
Change Component Parameter Library Name in R16 Old=rcl.IntLib New=rs422-rs485.schlib
Change Component Parameter Library Name in R17 Old=rcl.IntLib New=rs422-rs485.schlib
Change Component Parameter Library Name in R18 Old=rcl.IntLib New=rs422-rs485.schlib
Change Component Parameter Library Name in R19 Old=rcl.IntLib New=rs422-rs485.schlib
Change Component Parameter Library Name in R20 Old=rcl.IntLib New=rs422-rs485.schlib
Change Component Parameter Library Name in R21 Old=rcl.IntLib New=rs422-rs485.schlib
Change Component Parameter Library Name in R22 Old=rcl.IntLib New=rs422-rs485.schlib
Change Component Parameter Library Name in R23 Old=rcl.IntLib New=rs422-rs485.schlib
Change Component Parameter Library Name in U1 Old=74LVC1G17SE-7.IntLib New=rs422-rs485.schlib
Change Component Parameter Library Name in U2 Old=74AHC1G08SE-7.IntLib New=rs422-rs485.schlib
Change Component Parameter Library Name in Z1 Old=MMSZ5231B-7-F.IntLib New=rs422-rs485.schlib
Change Component Parameter Library Name in Z2 Old=MM3Z3V6T1G.IntLib New=rs422-rs485.schlib
Change Component Parameter Library Name in Z3 Old=MMSZ5231B-7-F.IntLib New=rs422-rs485.schlib
